<?xml version="1.0" encoding="UTF-8"?>
<!-- Generated by org.testng.reporters.JUnitReportReporter -->
<testsuite hostname="DESKTOP-8QGGOCN" failures="0" tests="1" name="com.runners.Execution" time="31.502" errors="0" timestamp="2025-05-23T11:10:33 IST" skipped="0">
  <testcase classname="com.runners.Execution" name="runMethod" time="31.502"/>
</testsuite> <!-- com.runners.Execution -->
